<?xml version="1.0" encoding="UTF-8"?>
<!-- Generated by org.testng.reporters.JUnitXMLReporter -->
<testsuite ignored="0" hostname="ChittiSurf" failures="1" tests="2" name="Test" time="25.643" errors="0" timestamp="2026-04-17T01:02:58 CDT">
  <testcase classname="rahulshettyacademy.StandAloneTest" name="login" time="9.147">
    <skipped/>
  </testcase> <!-- login -->
  <testcase classname="rahulshettyacademy.StandAloneTest" name="login" time="6.689">
    <failure type="java.lang.AssertionError" message="expected [Thankyou for the order] but found [THANKYOU FOR THE ORDER.]">
      <![CDATA[java.lang.AssertionError: expected [Thankyou for the order] but found [THANKYOU FOR THE ORDER.]
at rahulshettyacademy.StandAloneTest.login(StandAloneTest.java:58)
at java.base/java.util.ArrayList.forEach(ArrayList.java:1596)
... Removed 31 stack frames]]>
    </failure>
  </testcase> <!-- login -->
</testsuite> <!-- Test -->
