<?xml version="1.0" encoding="UTF-8"?>
<testng-results ignored="0" total="2" passed="2" failed="0" skipped="0">
  <reporter-output>
  </reporter-output>
  <suite started-at="2026-04-17T18:53:51 CDT" name="Suite" finished-at="2026-04-17T18:54:11 CDT" duration-ms="20362">
    <groups>
    </groups>
    <test started-at="2026-04-17T18:53:51 CDT" name="Test" finished-at="2026-04-17T18:54:11 CDT" duration-ms="20362">
      <class name="rahulshettyacademy.StandAloneTest">
        <test-method is-config="true" signature="launchApplication()[pri:0, instance:rahulshettyacademy.StandAloneTest@41f69e84]" started-at="2026-04-17T18:53:51 CDT" name="launchApplication" finished-at="2026-04-17T18:53:58 CDT" duration-ms="7051" status="PASS">
          <reporter-output>
          </reporter-output>
        </test-method> <!-- launchApplication -->
        <test-method signature="login()[pri:0, instance:rahulshettyacademy.StandAloneTest@41f69e84]" started-at="2026-04-17T18:53:58 CDT" name="login" finished-at="2026-04-17T18:54:04 CDT" duration-ms="6779" status="PASS">
          <reporter-output>
          </reporter-output>
        </test-method> <!-- login -->
        <test-method is-config="true" signature="tearDown()[pri:0, instance:rahulshettyacademy.StandAloneTest@41f69e84]" started-at="2026-04-17T18:54:04 CDT" name="tearDown" finished-at="2026-04-17T18:54:05 CDT" duration-ms="178" status="PASS">
          <reporter-output>
          </reporter-output>
        </test-method> <!-- tearDown -->
        <test-method is-config="true" signature="launchApplication()[pri:0, instance:rahulshettyacademy.StandAloneTest@41f69e84]" started-at="2026-04-17T18:54:05 CDT" name="launchApplication" finished-at="2026-04-17T18:54:07 CDT" duration-ms="2779" status="PASS">
          <reporter-output>
          </reporter-output>
        </test-method> <!-- launchApplication -->
        <test-method signature="verifyLogin()[pri:0, instance:rahulshettyacademy.StandAloneTest@41f69e84]" started-at="2026-04-17T18:54:07 CDT" name="verifyLogin" finished-at="2026-04-17T18:54:11 CDT" duration-ms="3320" status="PASS">
          <reporter-output>
          </reporter-output>
        </test-method> <!-- verifyLogin -->
        <test-method is-config="true" signature="tearDown()[pri:0, instance:rahulshettyacademy.StandAloneTest@41f69e84]" started-at="2026-04-17T18:54:11 CDT" name="tearDown" finished-at="2026-04-17T18:54:11 CDT" duration-ms="142" status="PASS">
          <reporter-output>
          </reporter-output>
        </test-method> <!-- tearDown -->
      </class> <!-- rahulshettyacademy.StandAloneTest -->
    </test> <!-- Test -->
  </suite> <!-- Suite -->
</testng-results>
