<?xml version="1.0" encoding="UTF-8"?>
<!-- Generated by org.testng.reporters.JUnitReportReporter -->
<testsuite hostname="ChittiSurf" failures="0" tests="2" name="rahulshettyacademy.StandAloneTest" time="20.249" errors="0" timestamp="2026-04-17T18:54:12 CDT" skipped="0">
  <testcase classname="rahulshettyacademy.StandAloneTest" name="verifyLogin" time="6.241"/>
  <testcase classname="rahulshettyacademy.StandAloneTest" name="login" time="14.008"/>
</testsuite> <!-- rahulshettyacademy.StandAloneTest -->
